<?xml version="1.0" encoding="UTF-8"?>
<!-- Generated by org.testng.reporters.JUnitXMLReporter -->
<testsuite ignored="0" hostname="LAPTOP-HU8ACQCC" failures="1" tests="2" name="Distributed_ParellelExecution_Test2" time="16.626" errors="0" timestamp="2025-09-13T23:53:46 IST">
  <testcase classname="com.ninza.crm.d.Product_TestCase.CreateProductPageTest" name="CreateProductWithMandatoryFieldsTest" time="0.0">
    <skipped/>
  </testcase> <!-- CreateProductWithMandatoryFieldsTest -->
  <testcase classname="com.ninza.crm.d.Product_TestCase.CreateProductPageTest" name="CreateProductWithMandatoryFieldsTest" time="14.933">
    <failure type="java.lang.NullPointerException" message="Cannot invoke &amp;quot;com.aventstack.extentreports.ExtentTest.log(com.aventstack.extentreports.Status, String)&amp;quot; because &amp;quot;this.test&amp;quot; is null">
      <![CDATA[java.lang.NullPointerException: Cannot invoke "com.aventstack.extentreports.ExtentTest.log(com.aventstack.extentreports.Status, String)" because "this.test" is null
at com.ninza.crm.listenersUtility.ListenersImplementation.onTestSkipped(ListenersImplementation.java:88)
at java.base/java.util.ArrayList.forEach(ArrayList.java:1596)
at java.base/java.util.concurrent.FutureTask.run(FutureTask.java:317)
at java.base/java.util.concurrent.ThreadPoolExecutor.runWorker(ThreadPoolExecutor.java:1144)
at java.base/java.util.concurrent.ThreadPoolExecutor$Worker.run(ThreadPoolExecutor.java:642)
at java.base/java.lang.Thread.run(Thread.java:1583)
... Removed 15 stack frames]]>
    </failure>
  </testcase> <!-- CreateProductWithMandatoryFieldsTest -->
</testsuite> <!-- Distributed_ParellelExecution_Test2 -->
