<?xml version="1.0" encoding="UTF-8"?>
<!-- Generated by org.testng.reporters.JUnitXMLReporter -->
<testsuite ignored="4" hostname="LAPTOP-HU8ACQCC" failures="2" tests="2" name="NinzaCrmTest" time="15.25" errors="0" timestamp="2025-09-13T18:09:55 IST">
  <testcase classname="com.ninza.crm.Campaign_TestCase.CreateCampaignPageTest" name="createCamapignWithExpectedCloseDateTest" time="0.004">
    <failure type="java.lang.NullPointerException" message="Cannot invoke &amp;quot;com.aventstack.extentreports.ExtentTest.log(com.aventstack.extentreports.Status, String)&amp;quot; because &amp;quot;this.test&amp;quot; is null">
      <![CDATA[java.lang.NullPointerException: Cannot invoke "com.aventstack.extentreports.ExtentTest.log(com.aventstack.extentreports.Status, String)" because "this.test" is null
at com.ninza.crm.listenersUtility.ListenersImplementation.onTestStart(ListenersImplementation.java:56)
at java.base/java.util.ArrayList.forEach(ArrayList.java:1596)
... Removed 24 stack frames]]>
    </failure>
  </testcase> <!-- createCamapignWithExpectedCloseDateTest -->
  <testcase classname="com.ninza.crm.Campaign_TestCase.CreateCampaignPageTest" name="createCamapignWithExpectedCloseDateTest" time="13.997">
    <failure type="java.lang.NullPointerException" message="Cannot invoke &amp;quot;com.aventstack.extentreports.ExtentTest.addScreenCaptureFromPath(String, String)&amp;quot; because &amp;quot;this.test&amp;quot; is null">
      <![CDATA[java.lang.NullPointerException: Cannot invoke "com.aventstack.extentreports.ExtentTest.addScreenCaptureFromPath(String, String)" because "this.test" is null
at com.ninza.crm.listenersUtility.ListenersImplementation.onTestFailure(ListenersImplementation.java:78)
at java.base/java.util.ArrayList.forEach(ArrayList.java:1596)
... Removed 24 stack frames]]>
    </failure>
  </testcase> <!-- createCamapignWithExpectedCloseDateTest -->
  <testcase classname="com.ninza.crm.baseClass.BaseClass" name="@BeforeSuite beforeSuite" time="0.0">
    <ignored/>
  </testcase> <!-- @BeforeSuite beforeSuite -->
  <testcase classname="com.ninza.crm.baseClass.BaseClass" name="@AfterTest afterTest" time="0.0">
    <ignored/>
  </testcase> <!-- @AfterTest afterTest -->
  <testcase classname="com.ninza.crm.baseClass.BaseClass" name="@AfterSuite afterSuite" time="0.0">
    <ignored/>
  </testcase> <!-- @AfterSuite afterSuite -->
  <testcase classname="com.ninza.crm.baseClass.BaseClass" name="@BeforeTest beforeTest" time="0.0">
    <ignored/>
  </testcase> <!-- @BeforeTest beforeTest -->
</testsuite> <!-- NinzaCrmTest -->
