<?xml version="1.0" encoding="UTF-8"?>
<!-- Generated by org.testng.reporters.JUnitXMLReporter -->
<testsuite ignored="6" hostname="LAPTOP-HU8ACQCC" failures="0" tests="2" name="Regression_BatchExecution_Test" time="38.881" errors="0" timestamp="2025-10-03T13:23:33 IST">
  <testcase classname="com.ninza.crm.Campaign_TestCase.CreateCampaignPageTest" name="createCamapignWithExpectedCloseDateTest" time="4.897"/>
  <testcase classname="com.ninza.crm.d.Product_TestCase.CreateProductPageTest" name="CreateProductWithoutAddProductTest" time="2.155"/>
  <testcase classname="com.ninza.crm.Campaign_TestCase.CreateCampaignPageTest" name="createCamapignWithMadatoryFieldsTest" time="0.0">
    <ignored/>
  </testcase> <!-- createCamapignWithMadatoryFieldsTest -->
  <testcase classname="com.ninza.crm.baseClass.BaseClass" name="@AfterTest afterTest" time="0.0">
    <ignored/>
  </testcase> <!-- @AfterTest afterTest -->
  <testcase classname="com.ninza.crm.baseClass.BaseClass" name="@BeforeTest beforeTest" time="0.0">
    <ignored/>
  </testcase> <!-- @BeforeTest beforeTest -->
  <testcase classname="com.ninza.crm.baseClass.BaseClass" name="@BeforeSuite beforeSuite" time="0.0">
    <ignored/>
  </testcase> <!-- @BeforeSuite beforeSuite -->
  <testcase classname="com.ninza.crm.d.Product_TestCase.CreateProductPageTest" name="CreateProductWithMandatoryFieldsTest" time="0.0">
    <ignored/>
  </testcase> <!-- CreateProductWithMandatoryFieldsTest -->
  <testcase classname="com.ninza.crm.baseClass.BaseClass" name="@AfterSuite afterSuite" time="0.0">
    <ignored/>
  </testcase> <!-- @AfterSuite afterSuite -->
</testsuite> <!-- Regression_BatchExecution_Test -->
