<?xml version="1.0" encoding="UTF-8"?>
<!-- Generated by org.testng.reporters.JUnitXMLReporter -->
<testsuite ignored="6" hostname="LAPTOP-HU8ACQCC" failures="0" tests="2" name="Test" time="31.576" errors="0" timestamp="2025-09-15T18:13:40 IST">
  <testcase classname="com.ninza.crm.d.Product_TestCase.CreateProductPageTest" name="CreateProductWithMandatoryFieldsTest" time="3.911"/>
  <testcase classname="com.ninza.crm.Campaign_TestCase.CreateCampaignPageTest" name="createCamapignWithMadatoryFieldsTest" time="1.569"/>
  <testcase classname="com.ninza.crm.baseClass.BaseClass" name="@BeforeSuite beforeSuite" time="0.0">
    <ignored/>
  </testcase> <!-- @BeforeSuite beforeSuite -->
  <testcase classname="com.ninza.crm.Campaign_TestCase.CreateCampaignPageTest" name="createCamapignWithExpectedCloseDateTest" time="0.0">
    <ignored/>
  </testcase> <!-- createCamapignWithExpectedCloseDateTest -->
  <testcase classname="com.ninza.crm.baseClass.BaseClass" name="@AfterSuite afterSuite" time="0.0">
    <ignored/>
  </testcase> <!-- @AfterSuite afterSuite -->
  <testcase classname="com.ninza.crm.baseClass.BaseClass" name="@BeforeTest beforeTest" time="0.0">
    <ignored/>
  </testcase> <!-- @BeforeTest beforeTest -->
  <testcase classname="com.ninza.crm.baseClass.BaseClass" name="@AfterTest afterTest" time="0.0">
    <ignored/>
  </testcase> <!-- @AfterTest afterTest -->
  <testcase classname="com.ninza.crm.d.Product_TestCase.CreateProductPageTest" name="CreateProductWithoutAddProductTest" time="0.0">
    <ignored/>
  </testcase> <!-- CreateProductWithoutAddProductTest -->
</testsuite> <!-- Test -->
