<?xml version="1.0" encoding="UTF-8"?>
<!-- Generated by org.testng.reporters.JUnitXMLReporter -->
<testsuite ignored="0" hostname="LAPTOP-HU8ACQCC" failures="0" tests="2" name="Default test" time="29.043" errors="0" timestamp="2025-09-15T18:11:17 IST">
  <testcase classname="com.ninza.crm.d.Product_TestCase.CreateProductPageTest" name="CreateProductWithMandatoryFieldsTest" time="4.54"/>
  <testcase classname="com.ninza.crm.d.Product_TestCase.CreateProductPageTest" name="CreateProductWithoutAddProductTest" time="1.243"/>
</testsuite> <!-- Default test -->
