<?xml version="1.0" encoding="UTF-8"?>
<testng-results ignored="2" total="4" passed="2" failed="0" skipped="0">
  <reporter-output>
  </reporter-output>
  <suite started-at="2025-09-19T18:07:27 IST" name="Suite" finished-at="2025-09-19T18:08:26 IST" duration-ms="59894">
    <groups>
      <group name="Smoke">
        <method signature="CreateCampaignPageTest.createCamapignWithMadatoryFieldsTest()[pri:0, instance:com.ninza.crm.Campaign_TestCase.CreateCampaignPageTest@2e55dd0c]" name="createCamapignWithMadatoryFieldsTest" class="com.ninza.crm.Campaign_TestCase.CreateCampaignPageTest"/>
        <method signature="CreateProductPageTest.CreateProductWithMandatoryFieldsTest()[pri:0, instance:com.ninza.crm.d.Product_TestCase.CreateProductPageTest@346d61be]" name="CreateProductWithMandatoryFieldsTest" class="com.ninza.crm.d.Product_TestCase.CreateProductPageTest"/>
      </group> <!-- Smoke -->
    </groups>
    <test started-at="2025-09-19T18:07:27 IST" name="Test" finished-at="2025-09-19T18:08:26 IST" duration-ms="59894">
      <class name="com.ninza.crm.d.Product_TestCase.CreateProductPageTest">
        <test-method is-config="true" signature="beforeSuite()[pri:0, instance:com.ninza.crm.d.Product_TestCase.CreateProductPageTest@346d61be]" started-at="2025-09-19T18:07:27 IST" name="beforeSuite" finished-at="2025-09-19T18:07:27 IST" duration-ms="11" status="PASS">
          <reporter-output>
          </reporter-output>
        </test-method> <!-- beforeSuite -->
        <test-method is-config="true" signature="beforeTest()[pri:0, instance:com.ninza.crm.d.Product_TestCase.CreateProductPageTest@346d61be]" started-at="2025-09-19T18:07:27 IST" name="beforeTest" finished-at="2025-09-19T18:07:27 IST" duration-ms="1" status="PASS">
          <reporter-output>
          </reporter-output>
        </test-method> <!-- beforeTest -->
        <test-method is-config="true" signature="beforeClass()[pri:0, instance:com.ninza.crm.d.Product_TestCase.CreateProductPageTest@346d61be]" started-at="2025-09-19T18:07:27 IST" name="beforeClass" finished-at="2025-09-19T18:07:28 IST" duration-ms="1866" status="PASS">
          <reporter-output>
          </reporter-output>
        </test-method> <!-- beforeClass -->
        <test-method is-config="true" signature="beforeMethod()[pri:0, instance:com.ninza.crm.d.Product_TestCase.CreateProductPageTest@346d61be]" started-at="2025-09-19T18:07:28 IST" name="beforeMethod" finished-at="2025-09-19T18:07:39 IST" duration-ms="10596" status="PASS">
          <reporter-output>
          </reporter-output>
        </test-method> <!-- beforeMethod -->
        <test-method signature="CreateProductWithMandatoryFieldsTest()[pri:0, instance:com.ninza.crm.d.Product_TestCase.CreateProductPageTest@346d61be]" started-at="2025-09-19T18:07:39 IST" name="CreateProductWithMandatoryFieldsTest" finished-at="2025-09-19T18:07:44 IST" duration-ms="4837" status="PASS">
          <reporter-output>
          </reporter-output>
        </test-method> <!-- CreateProductWithMandatoryFieldsTest -->
        <test-method is-config="true" signature="afterMethod()[pri:0, instance:com.ninza.crm.d.Product_TestCase.CreateProductPageTest@346d61be]" started-at="2025-09-19T18:07:44 IST" name="afterMethod" finished-at="2025-09-19T18:07:59 IST" duration-ms="14625" status="PASS">
          <reporter-output>
          </reporter-output>
        </test-method> <!-- afterMethod -->
        <test-method is-config="true" signature="afterClass()[pri:0, instance:com.ninza.crm.d.Product_TestCase.CreateProductPageTest@346d61be]" started-at="2025-09-19T18:07:59 IST" name="afterClass" finished-at="2025-09-19T18:08:02 IST" duration-ms="3269" status="PASS">
          <reporter-output>
          </reporter-output>
        </test-method> <!-- afterClass -->
        <test-method is-config="true" signature="afterTest()[pri:0, instance:com.ninza.crm.d.Product_TestCase.CreateProductPageTest@346d61be]" started-at="2025-09-19T18:08:26 IST" name="afterTest" finished-at="2025-09-19T18:08:26 IST" duration-ms="0" status="PASS">
          <reporter-output>
          </reporter-output>
        </test-method> <!-- afterTest -->
        <test-method is-config="true" signature="afterSuite()[pri:0, instance:com.ninza.crm.d.Product_TestCase.CreateProductPageTest@346d61be]" started-at="2025-09-19T18:08:26 IST" name="afterSuite" finished-at="2025-09-19T18:08:26 IST" duration-ms="0" status="PASS">
          <reporter-output>
          </reporter-output>
        </test-method> <!-- afterSuite -->
      </class> <!-- com.ninza.crm.d.Product_TestCase.CreateProductPageTest -->
      <class name="com.ninza.crm.Campaign_TestCase.CreateCampaignPageTest">
        <test-method is-config="true" signature="beforeClass()[pri:0, instance:com.ninza.crm.Campaign_TestCase.CreateCampaignPageTest@2e55dd0c]" started-at="2025-09-19T18:08:02 IST" name="beforeClass" finished-at="2025-09-19T18:08:03 IST" duration-ms="823" status="PASS">
          <reporter-output>
          </reporter-output>
        </test-method> <!-- beforeClass -->
        <test-method is-config="true" signature="beforeMethod()[pri:0, instance:com.ninza.crm.Campaign_TestCase.CreateCampaignPageTest@2e55dd0c]" started-at="2025-09-19T18:08:03 IST" name="beforeMethod" finished-at="2025-09-19T18:08:13 IST" duration-ms="10578" status="PASS">
          <reporter-output>
          </reporter-output>
        </test-method> <!-- beforeMethod -->
        <test-method signature="createCamapignWithMadatoryFieldsTest()[pri:0, instance:com.ninza.crm.Campaign_TestCase.CreateCampaignPageTest@2e55dd0c]" started-at="2025-09-19T18:08:13 IST" name="createCamapignWithMadatoryFieldsTest" finished-at="2025-09-19T18:08:15 IST" duration-ms="1754" status="PASS">
          <reporter-output>
          </reporter-output>
        </test-method> <!-- createCamapignWithMadatoryFieldsTest -->
        <test-method is-config="true" signature="afterMethod()[pri:0, instance:com.ninza.crm.Campaign_TestCase.CreateCampaignPageTest@2e55dd0c]" started-at="2025-09-19T18:08:15 IST" name="afterMethod" finished-at="2025-09-19T18:08:23 IST" duration-ms="8247" status="PASS">
          <reporter-output>
          </reporter-output>
        </test-method> <!-- afterMethod -->
        <test-method is-config="true" signature="afterClass()[pri:0, instance:com.ninza.crm.Campaign_TestCase.CreateCampaignPageTest@2e55dd0c]" started-at="2025-09-19T18:08:23 IST" name="afterClass" finished-at="2025-09-19T18:08:26 IST" duration-ms="3263" status="PASS">
          <reporter-output>
          </reporter-output>
        </test-method> <!-- afterClass -->
      </class> <!-- com.ninza.crm.Campaign_TestCase.CreateCampaignPageTest -->
    </test> <!-- Test -->
  </suite> <!-- Suite -->
</testng-results>
