<?xml version="1.0" encoding="UTF-8"?>
<testng-results ignored="2" total="4" passed="2" failed="0" skipped="0">
  <reporter-output>
  </reporter-output>
  <suite started-at="2025-09-15T18:32:20 IST" name="Suite" finished-at="2025-09-15T18:32:43 IST" duration-ms="23269">
    <groups>
      <group name="Smoke">
        <method signature="CreateCampaignPageTest.createCamapignWithMadatoryFieldsTest()[pri:0, instance:com.ninza.crm.Campaign_TestCase.CreateCampaignPageTest@2e55dd0c]" name="createCamapignWithMadatoryFieldsTest" class="com.ninza.crm.Campaign_TestCase.CreateCampaignPageTest"/>
        <method signature="CreateProductPageTest.CreateProductWithMandatoryFieldsTest()[pri:0, instance:com.ninza.crm.d.Product_TestCase.CreateProductPageTest@346d61be]" name="CreateProductWithMandatoryFieldsTest" class="com.ninza.crm.d.Product_TestCase.CreateProductPageTest"/>
      </group> <!-- Smoke -->
    </groups>
    <test started-at="2025-09-15T18:32:20 IST" name="Test" finished-at="2025-09-15T18:32:43 IST" duration-ms="23269">
      <class name="com.ninza.crm.d.Product_TestCase.CreateProductPageTest">
        <test-method is-config="true" signature="beforeSuite()[pri:0, instance:com.ninza.crm.d.Product_TestCase.CreateProductPageTest@346d61be]" started-at="2025-09-15T18:32:20 IST" name="beforeSuite" finished-at="2025-09-15T18:32:20 IST" duration-ms="12" status="PASS">
          <reporter-output>
          </reporter-output>
        </test-method> <!-- beforeSuite -->
        <test-method is-config="true" signature="beforeTest()[pri:0, instance:com.ninza.crm.d.Product_TestCase.CreateProductPageTest@346d61be]" started-at="2025-09-15T18:32:20 IST" name="beforeTest" finished-at="2025-09-15T18:32:20 IST" duration-ms="0" status="PASS">
          <reporter-output>
          </reporter-output>
        </test-method> <!-- beforeTest -->
        <test-method is-config="true" signature="beforeClass()[pri:0, instance:com.ninza.crm.d.Product_TestCase.CreateProductPageTest@346d61be]" started-at="2025-09-15T18:32:20 IST" name="beforeClass" finished-at="2025-09-15T18:32:21 IST" duration-ms="1105" status="PASS">
          <reporter-output>
          </reporter-output>
        </test-method> <!-- beforeClass -->
        <test-method is-config="true" signature="beforeMethod()[pri:0, instance:com.ninza.crm.d.Product_TestCase.CreateProductPageTest@346d61be]" started-at="2025-09-15T18:32:21 IST" name="beforeMethod" finished-at="2025-09-15T18:32:24 IST" duration-ms="2689" status="PASS">
          <reporter-output>
          </reporter-output>
        </test-method> <!-- beforeMethod -->
        <test-method signature="CreateProductWithMandatoryFieldsTest()[pri:0, instance:com.ninza.crm.d.Product_TestCase.CreateProductPageTest@346d61be]" started-at="2025-09-15T18:32:24 IST" name="CreateProductWithMandatoryFieldsTest" finished-at="2025-09-15T18:32:28 IST" duration-ms="3705" status="PASS">
          <reporter-output>
          </reporter-output>
        </test-method> <!-- CreateProductWithMandatoryFieldsTest -->
        <test-method is-config="true" signature="afterMethod()[pri:0, instance:com.ninza.crm.d.Product_TestCase.CreateProductPageTest@346d61be]" started-at="2025-09-15T18:32:28 IST" name="afterMethod" finished-at="2025-09-15T18:32:31 IST" duration-ms="2977" status="PASS">
          <reporter-output>
          </reporter-output>
        </test-method> <!-- afterMethod -->
        <test-method is-config="true" signature="afterClass()[pri:0, instance:com.ninza.crm.d.Product_TestCase.CreateProductPageTest@346d61be]" started-at="2025-09-15T18:32:31 IST" name="afterClass" finished-at="2025-09-15T18:32:34 IST" duration-ms="3204" status="PASS">
          <reporter-output>
          </reporter-output>
        </test-method> <!-- afterClass -->
        <test-method is-config="true" signature="afterTest()[pri:0, instance:com.ninza.crm.d.Product_TestCase.CreateProductPageTest@346d61be]" started-at="2025-09-15T18:32:43 IST" name="afterTest" finished-at="2025-09-15T18:32:43 IST" duration-ms="1" status="PASS">
          <reporter-output>
          </reporter-output>
        </test-method> <!-- afterTest -->
        <test-method is-config="true" signature="afterSuite()[pri:0, instance:com.ninza.crm.d.Product_TestCase.CreateProductPageTest@346d61be]" started-at="2025-09-15T18:32:43 IST" name="afterSuite" finished-at="2025-09-15T18:32:43 IST" duration-ms="1" status="PASS">
          <reporter-output>
          </reporter-output>
        </test-method> <!-- afterSuite -->
      </class> <!-- com.ninza.crm.d.Product_TestCase.CreateProductPageTest -->
      <class name="com.ninza.crm.Campaign_TestCase.CreateCampaignPageTest">
        <test-method is-config="true" signature="beforeClass()[pri:0, instance:com.ninza.crm.Campaign_TestCase.CreateCampaignPageTest@2e55dd0c]" started-at="2025-09-15T18:32:34 IST" name="beforeClass" finished-at="2025-09-15T18:32:35 IST" duration-ms="823" status="PASS">
          <reporter-output>
          </reporter-output>
        </test-method> <!-- beforeClass -->
        <test-method is-config="true" signature="beforeMethod()[pri:0, instance:com.ninza.crm.Campaign_TestCase.CreateCampaignPageTest@2e55dd0c]" started-at="2025-09-15T18:32:35 IST" name="beforeMethod" finished-at="2025-09-15T18:32:37 IST" duration-ms="2499" status="PASS">
          <reporter-output>
          </reporter-output>
        </test-method> <!-- beforeMethod -->
        <test-method signature="createCamapignWithMadatoryFieldsTest()[pri:0, instance:com.ninza.crm.Campaign_TestCase.CreateCampaignPageTest@2e55dd0c]" started-at="2025-09-15T18:32:37 IST" name="createCamapignWithMadatoryFieldsTest" finished-at="2025-09-15T18:32:38 IST" duration-ms="1327" status="PASS">
          <reporter-output>
          </reporter-output>
        </test-method> <!-- createCamapignWithMadatoryFieldsTest -->
        <test-method is-config="true" signature="afterMethod()[pri:0, instance:com.ninza.crm.Campaign_TestCase.CreateCampaignPageTest@2e55dd0c]" started-at="2025-09-15T18:32:38 IST" name="afterMethod" finished-at="2025-09-15T18:32:40 IST" duration-ms="1649" status="PASS">
          <reporter-output>
          </reporter-output>
        </test-method> <!-- afterMethod -->
        <test-method is-config="true" signature="afterClass()[pri:0, instance:com.ninza.crm.Campaign_TestCase.CreateCampaignPageTest@2e55dd0c]" started-at="2025-09-15T18:32:40 IST" name="afterClass" finished-at="2025-09-15T18:32:43 IST" duration-ms="3245" status="PASS">
          <reporter-output>
          </reporter-output>
        </test-method> <!-- afterClass -->
      </class> <!-- com.ninza.crm.Campaign_TestCase.CreateCampaignPageTest -->
    </test> <!-- Test -->
  </suite> <!-- Suite -->
</testng-results>
